[23:38:26] [ServerMain/INFO]: [bootstrap] Running Java 21 (OpenJDK 64-Bit Server VM 21.0.9; Termux null) on Linux 5.15.167-android13-8-o-00990-ge459089e792c (aarch64)
[23:38:26] [ServerMain/INFO]: [bootstrap] Loading Paper 1.21.4-100-main@86c6308 (2025-01-12T17:10:40Z) for Minecraft 1.21.4
[23:38:27] [ServerMain/WARN]: [oshi.software.os.linux.LinuxOperatingSystem] Did not find udev library in operating system. Some features may not work.
[23:38:27] [ServerMain/ERROR]: [oshi.software.os.linux.LinuxOperatingSystem] Did not JNA classes. Investigate incompatible version or missing native dll.
[23:38:27] [ServerMain/WARN]: Failed retrieving info for group processor
java.lang.NoClassDefFoundError: Could not initialize class com.sun.jna.Native
	at com.sun.jna.NativeLong.<clinit>(NativeLong.java:35) ~[jna-5.15.0.jar:5.15.0 (b0)]
	at oshi.util.FileUtil.readNativeLongFromBuffer(FileUtil.java:260) ~[oshi-core-6.6.5.jar:6.6.5]
	at oshi.driver.linux.proc.Auxv.queryAuxv(Auxv.java:39) ~[oshi-core-6.6.5.jar:6.6.5]
	at oshi.software.os.linux.LinuxOperatingSystem.<clinit>(LinuxOperatingSystem.java:124) ~[oshi-core-6.6.5.jar:6.6.5]
	at oshi.hardware.platform.linux.LinuxCentralProcessor.initProcessorCounts(LinuxCentralProcessor.java:174) ~[oshi-core-6.6.5.jar:6.6.5]
	at oshi.hardware.common.AbstractCentralProcessor.<init>(AbstractCentralProcessor.java:68) ~[oshi-core-6.6.5.jar:6.6.5]
	at oshi.hardware.platform.linux.LinuxCentralProcessor.<init>(LinuxCentralProcessor.java:59) ~[oshi-core-6.6.5.jar:6.6.5]
	at oshi.hardware.platform.linux.LinuxHardwareAbstractionLayer.createProcessor(LinuxHardwareAbstractionLayer.java:43) ~[oshi-core-6.6.5.jar:6.6.5]
	at oshi.util.Memoizer$1.get(Memoizer.java:61) ~[oshi-core-6.6.5.jar:6.6.5]
	at oshi.hardware.common.AbstractHardwareAbstractionLayer.getProcessor(AbstractHardwareAbstractionLayer.java:48) ~[oshi-core-6.6.5.jar:6.6.5]
	at net.minecraft.SystemReport.lambda$putHardware$4(SystemReport.java:80) ~[paper-1.21.4.jar:1.21.4-100-86c6308]
	at net.minecraft.SystemReport.ignoreErrors(SystemReport.java:88) ~[paper-1.21.4.jar:1.21.4-100-86c6308]
	at net.minecraft.SystemReport.putHardware(SystemReport.java:80) ~[paper-1.21.4.jar:1.21.4-100-86c6308]
	at net.minecraft.SystemReport.lambda$new$2(SystemReport.java:58) ~[paper-1.21.4.jar:1.21.4-100-86c6308]
	at net.minecraft.SystemReport.ignoreErrors(SystemReport.java:88) ~[paper-1.21.4.jar:1.21.4-100-86c6308]
	at net.minecraft.SystemReport.<init>(SystemReport.java:58) ~[paper-1.21.4.jar:1.21.4-100-86c6308]
	at net.minecraft.CrashReport.<init>(CrashReport.java:32) ~[paper-1.21.4.jar:1.21.4-100-86c6308]
	at net.minecraft.CrashReport.preload(CrashReport.java:224) ~[paper-1.21.4.jar:1.21.4-100-86c6308]
	at net.minecraft.server.Main.main(Main.java:106) ~[paper-1.21.4.jar:1.21.4-100-86c6308]
	at io.papermc.paper.PaperBootstrap.boot(PaperBootstrap.java:21) ~[paper-1.21.4.jar:1.21.4-100-86c6308]
	at org.bukkit.craftbukkit.Main.main(Main.java:281) ~[paper-1.21.4.jar:1.21.4-100-86c6308]
	at io.papermc.paperclip.Paperclip.lambda$main$0(Paperclip.java:42) ~[app:?]
	at java.base/java.lang.Thread.run(Thread.java:1583) ~[?:?]
Caused by: java.lang.ExceptionInInitializerError: Exception java.lang.UnsatisfiedLinkError: /data/data/com.termux/files/home/.cache/JNA/temp/jna14115354173949846383.tmp: dlopen failed: library "libc.so.6" not found: needed by /data/data/com.termux/files/home/.cache/JNA/temp/jna14115354173949846383.tmp in namespace (default) [in thread "ServerMain"]
	at java.base/jdk.internal.loader.NativeLibraries.load(Native Method) ~[?:?]
	at java.base/jdk.internal.loader.NativeLibraries$NativeLibraryImpl.open(NativeLibraries.java:331) ~[?:?]
	at java.base/jdk.internal.loader.NativeLibraries.loadLibrary(NativeLibraries.java:197) ~[?:?]
	at java.base/jdk.internal.loader.NativeLibraries.loadLibrary(NativeLibraries.java:139) ~[?:?]
	at java.base/java.lang.ClassLoader.loadLibrary(ClassLoader.java:2418) ~[?:?]
	at java.base/java.lang.Runtime.load0(Runtime.java:852) ~[?:?]
	at java.base/java.lang.System.load(System.java:2025) ~[?:?]
	at com.sun.jna.Native.loadNativeDispatchLibraryFromClasspath(Native.java:1041) ~[jna-5.15.0.jar:5.15.0 (b0)]
	at com.sun.jna.Native.loadNativeDispatchLibrary(Native.java:1011) ~[jna-5.15.0.jar:5.15.0 (b0)]
	at com.sun.jna.Native.<clinit>(Native.java:221) ~[jna-5.15.0.jar:5.15.0 (b0)]
	at com.sun.jna.platform.linux.Udev.<clinit>(Udev.java:37) ~[jna-platform-5.15.0.jar:5.15.0 (b0)]
	at oshi.software.os.linux.LinuxOperatingSystem.<clinit>(LinuxOperatingSystem.java:86) ~[oshi-core-6.6.5.jar:6.6.5]
	... 19 more
[23:38:27] [ServerMain/WARN]: Failed retrieving info for group memory
java.lang.NoClassDefFoundError: Could not initialize class oshi.software.os.linux.LinuxOperatingSystem
	at oshi.hardware.platform.linux.LinuxGlobalMemory.<clinit>(LinuxGlobalMemory.java:28) ~[oshi-core-6.6.5.jar:6.6.5]
	at oshi.hardware.platform.linux.LinuxHardwareAbstractionLayer.createMemory(LinuxHardwareAbstractionLayer.java:38) ~[oshi-core-6.6.5.jar:6.6.5]
	at oshi.util.Memoizer$1.get(Memoizer.java:61) ~[oshi-core-6.6.5.jar:6.6.5]
	at oshi.hardware.common.AbstractHardwareAbstractionLayer.getMemory(AbstractHardwareAbstractionLayer.java:60) ~[oshi-core-6.6.5.jar:6.6.5]
	at net.minecraft.SystemReport.lambda$putHardware$6(SystemReport.java:82) ~[paper-1.21.4.jar:1.21.4-100-86c6308]
	at net.minecraft.SystemReport.ignoreErrors(SystemReport.java:88) ~[paper-1.21.4.jar:1.21.4-100-86c6308]
	at net.minecraft.SystemReport.putHardware(SystemReport.java:82) ~[paper-1.21.4.jar:1.21.4-100-86c6308]
	at net.minecraft.SystemReport.lambda$new$2(SystemReport.java:58) ~[paper-1.21.4.jar:1.21.4-100-86c6308]
	at net.minecraft.SystemReport.ignoreErrors(SystemReport.java:88) ~[paper-1.21.4.jar:1.21.4-100-86c6308]
	at net.minecraft.SystemReport.<init>(SystemReport.java:58) ~[paper-1.21.4.jar:1.21.4-100-86c6308]
	at net.minecraft.CrashReport.<init>(CrashReport.java:32) ~[paper-1.21.4.jar:1.21.4-100-86c6308]
	at net.minecraft.CrashReport.preload(CrashReport.java:224) ~[paper-1.21.4.jar:1.21.4-100-86c6308]
	at net.minecraft.server.Main.main(Main.java:106) ~[paper-1.21.4.jar:1.21.4-100-86c6308]
	at io.papermc.paper.PaperBootstrap.boot(PaperBootstrap.java:21) ~[paper-1.21.4.jar:1.21.4-100-86c6308]
	at org.bukkit.craftbukkit.Main.main(Main.java:281) ~[paper-1.21.4.jar:1.21.4-100-86c6308]
	at io.papermc.paperclip.Paperclip.lambda$main$0(Paperclip.java:42) ~[app:?]
	at java.base/java.lang.Thread.run(Thread.java:1583) ~[?:?]
Caused by: java.lang.ExceptionInInitializerError: Exception java.lang.NoClassDefFoundError: Could not initialize class com.sun.jna.Native [in thread "ServerMain"]
	at com.sun.jna.NativeLong.<clinit>(NativeLong.java:35) ~[jna-5.15.0.jar:5.15.0 (b0)]
	at oshi.util.FileUtil.readNativeLongFromBuffer(FileUtil.java:260) ~[oshi-core-6.6.5.jar:6.6.5]
	at oshi.driver.linux.proc.Auxv.queryAuxv(Auxv.java:39) ~[oshi-core-6.6.5.jar:6.6.5]
	at oshi.software.os.linux.LinuxOperatingSystem.<clinit>(LinuxOperatingSystem.java:124) ~[oshi-core-6.6.5.jar:6.6.5]
	at oshi.hardware.platform.linux.LinuxCentralProcessor.initProcessorCounts(LinuxCentralProcessor.java:174) ~[oshi-core-6.6.5.jar:6.6.5]
	at oshi.hardware.common.AbstractCentralProcessor.<init>(AbstractCentralProcessor.java:68) ~[oshi-core-6.6.5.jar:6.6.5]
	at oshi.hardware.platform.linux.LinuxCentralProcessor.<init>(LinuxCentralProcessor.java:59) ~[oshi-core-6.6.5.jar:6.6.5]
	at oshi.hardware.platform.linux.LinuxHardwareAbstractionLayer.createProcessor(LinuxHardwareAbstractionLayer.java:43) ~[oshi-core-6.6.5.jar:6.6.5]
	at oshi.util.Memoizer$1.get(Memoizer.java:61) ~[oshi-core-6.6.5.jar:6.6.5]
	at oshi.hardware.common.AbstractHardwareAbstractionLayer.getProcessor(AbstractHardwareAbstractionLayer.java:48) ~[oshi-core-6.6.5.jar:6.6.5]
	at net.minecraft.SystemReport.lambda$putHardware$4(SystemReport.java:80) ~[paper-1.21.4.jar:1.21.4-100-86c6308]
	at net.minecraft.SystemReport.ignoreErrors(SystemReport.java:88) ~[paper-1.21.4.jar:1.21.4-100-86c6308]
	at net.minecraft.SystemReport.putHardware(SystemReport.java:80) ~[paper-1.21.4.jar:1.21.4-100-86c6308]
	... 10 more
[23:38:27] [ServerMain/INFO]: [PluginInitializerManager] Initializing plugins...
[23:38:29] [ServerMain/ERROR]: [DirectoryProviderSource] Error loading plugin: java.lang.IllegalArgumentException: Directory 'plugins/.paper-remapped/Floodgate-Fabric-2.2.4-b44.jar' does not contain a paper-plugin.yml or plugin.yml! Could not determine plugin type, cannot load a plugin from it!
java.lang.RuntimeException: java.lang.IllegalArgumentException: Directory 'plugins/.paper-remapped/Floodgate-Fabric-2.2.4-b44.jar' does not contain a paper-plugin.yml or plugin.yml! Could not determine plugin type, cannot load a plugin from it!
	at io.papermc.paper.plugin.provider.source.FileProviderSource.registerProviders(FileProviderSource.java:85) ~[paper-1.21.4.jar:1.21.4-100-86c6308]
	at io.papermc.paper.plugin.provider.source.DirectoryProviderSource.registerProviders(DirectoryProviderSource.java:52) ~[paper-1.21.4.jar:1.21.4-100-86c6308]
	at io.papermc.paper.plugin.provider.source.DirectoryProviderSource.registerProviders(DirectoryProviderSource.java:17) ~[paper-1.21.4.jar:1.21.4-100-86c6308]
	at io.papermc.paper.plugin.util.EntrypointUtil.registerProvidersFromSource(EntrypointUtil.java:15) ~[paper-1.21.4.jar:1.21.4-100-86c6308]
	at io.papermc.paper.plugin.PluginInitializerManager.load(PluginInitializerManager.java:113) ~[paper-1.21.4.jar:1.21.4-100-86c6308]
	at net.minecraft.server.Main.main(Main.java:111) ~[paper-1.21.4.jar:1.21.4-100-86c6308]
	at io.papermc.paper.PaperBootstrap.boot(PaperBootstrap.java:21) ~[paper-1.21.4.jar:1.21.4-100-86c6308]
	at org.bukkit.craftbukkit.Main.main(Main.java:281) ~[paper-1.21.4.jar:1.21.4-100-86c6308]
	at io.papermc.paperclip.Paperclip.lambda$main$0(Paperclip.java:42) ~[app:?]
	at java.base/java.lang.Thread.run(Thread.java:1583) ~[?:?]
Caused by: java.lang.IllegalArgumentException: Directory 'plugins/.paper-remapped/Floodgate-Fabric-2.2.4-b44.jar' does not contain a paper-plugin.yml or plugin.yml! Could not determine plugin type, cannot load a plugin from it!
	... 10 more
[23:38:33] [ServerMain/ERROR]: [DirectoryProviderSource] Error loading plugin: java.lang.IllegalArgumentException: Directory 'plugins/.paper-remapped/viewdistancefix-fabric-1.21.4-1.0.2.jar' does not contain a paper-plugin.yml or plugin.yml! Could not determine plugin type, cannot load a plugin from it!
java.lang.RuntimeException: java.lang.IllegalArgumentException: Directory 'plugins/.paper-remapped/viewdistancefix-fabric-1.21.4-1.0.2.jar' does not contain a paper-plugin.yml or plugin.yml! Could not determine plugin type, cannot load a plugin from it!
	at io.papermc.paper.plugin.provider.source.FileProviderSource.registerProviders(FileProviderSource.java:85) ~[paper-1.21.4.jar:1.21.4-100-86c6308]
	at io.papermc.paper.plugin.provider.source.DirectoryProviderSource.registerProviders(DirectoryProviderSource.java:52) ~[paper-1.21.4.jar:1.21.4-100-86c6308]
	at io.papermc.paper.plugin.provider.source.DirectoryProviderSource.registerProviders(DirectoryProviderSource.java:17) ~[paper-1.21.4.jar:1.21.4-100-86c6308]
	at io.papermc.paper.plugin.util.EntrypointUtil.registerProvidersFromSource(EntrypointUtil.java:15) ~[paper-1.21.4.jar:1.21.4-100-86c6308]
	at io.papermc.paper.plugin.PluginInitializerManager.load(PluginInitializerManager.java:113) ~[paper-1.21.4.jar:1.21.4-100-86c6308]
	at net.minecraft.server.Main.main(Main.java:111) ~[paper-1.21.4.jar:1.21.4-100-86c6308]
	at io.papermc.paper.PaperBootstrap.boot(PaperBootstrap.java:21) ~[paper-1.21.4.jar:1.21.4-100-86c6308]
	at org.bukkit.craftbukkit.Main.main(Main.java:281) ~[paper-1.21.4.jar:1.21.4-100-86c6308]
	at io.papermc.paperclip.Paperclip.lambda$main$0(Paperclip.java:42) ~[app:?]
	at java.base/java.lang.Thread.run(Thread.java:1583) ~[?:?]
Caused by: java.lang.IllegalArgumentException: Directory 'plugins/.paper-remapped/viewdistancefix-fabric-1.21.4-1.0.2.jar' does not contain a paper-plugin.yml or plugin.yml! Could not determine plugin type, cannot load a plugin from it!
	... 10 more
[23:38:33] [ServerMain/INFO]: [PluginInitializerManager] Initialized 8 plugins
[23:38:33] [ServerMain/INFO]: [PluginInitializerManager] Paper plugins (1):
 - Veinminer (2.5.3)
[23:38:33] [ServerMain/INFO]: [PluginInitializerManager] Bukkit plugins (7):
 - Chunky (1.4.40), ClearLag (1.0.1), Geyser-Spigot (2.9.2-SNAPSHOT), TAB (5.4.0), ViaBackwards (5.7.0), ViaVersion (5.7.0), WorldEdit (7.3.18+7298-4383852)
[23:38:53] [ServerMain/INFO]: Environment: Environment[sessionHost=https://sessionserver.mojang.com, servicesHost=https://api.minecraftservices.com, name=PROD]
[23:39:04] [ServerMain/INFO]: Loaded 1370 recipes
[23:39:04] [ServerMain/INFO]: Loaded 1481 advancements
[23:39:04] [ServerMain/INFO]: [MCTypeRegistry] Initialising converters for DataConverter...
[23:39:06] [ServerMain/INFO]: [MCTypeRegistry] Finished initialising converters for DataConverter in 1,286.1ms
[23:39:06] [Server thread/INFO]: Starting minecraft server version 1.21.4
[23:39:06] [Server thread/INFO]: Loading properties
[23:39:06] [Server thread/INFO]: This server is running Paper version 1.21.4-100-main@86c6308 (2025-01-12T17:10:40Z) (Implementing API version 1.21.4-R0.1-SNAPSHOT)
[23:39:07] [Server thread/INFO]: [spark] This server bundles the spark profiler. For more information please visit https://docs.papermc.io/paper/profiling
[23:39:07] [Server thread/INFO]: Server Ping Player Sample Count: 12
[23:39:07] [Server thread/INFO]: Using 4 threads for Netty based IO
[23:39:08] [Server thread/INFO]: [MoonriseCommon] Paper is using 2 worker threads, 1 I/O threads
[23:39:08] [Server thread/INFO]: [ChunkTaskScheduler] Chunk system is using population gen parallelism: true
[23:39:09] [Server thread/INFO]: Default game type: SURVIVAL
[23:39:09] [Server thread/INFO]: Generating keypair
[23:39:09] [Server thread/INFO]: Starting Minecraft server on *:25565
[23:39:09] [Server thread/INFO]: Using default channel type
[23:39:09] [Server thread/INFO]: Paper: Using Java compression from Velocity.
[23:39:09] [Server thread/INFO]: Paper: Using Java cipher from Velocity.
[23:39:09] [Server thread/WARN]: [io.netty.util.internal.MacAddressUtil] Failed to find a usable hardware address from the network interfaces; using random bytes: 3b:db:d1:d2:6f:72:ec:c7
[23:39:10] [Server thread/ERROR]: [ModernPluginLoadingStrategy] Could not load 'plugins/.paper-remapped/ClearLag-1.0.1 (1).jar' in 'plugins/.paper-remapped'
org.bukkit.plugin.UnknownDependencyException: Unknown/missing dependency plugins: [PlaceholderAPI]. Please download and install these plugins to run 'ClearLag'.
	at io.papermc.paper.plugin.entrypoint.strategy.modern.ModernPluginLoadingStrategy.loadProviders(ModernPluginLoadingStrategy.java:82) ~[paper-1.21.4.jar:1.21.4-100-86c6308]
	at io.papermc.paper.plugin.storage.SimpleProviderStorage.enter(SimpleProviderStorage.java:38) ~[paper-1.21.4.jar:1.21.4-100-86c6308]
	at io.papermc.paper.plugin.entrypoint.LaunchEntryPointHandler.enter(LaunchEntryPointHandler.java:39) ~[paper-1.21.4.jar:1.21.4-100-86c6308]
	at org.bukkit.craftbukkit.CraftServer.loadPlugins(CraftServer.java:562) ~[paper-1.21.4.jar:1.21.4-100-86c6308]
	at net.minecraft.server.dedicated.DedicatedServer.initServer(DedicatedServer.java:277) ~[paper-1.21.4.jar:1.21.4-100-86c6308]
	at net.minecraft.server.MinecraftServer.runServer(MinecraftServer.java:1163) ~[paper-1.21.4.jar:1.21.4-100-86c6308]
	at net.minecraft.server.MinecraftServer.lambda$spin$2(MinecraftServer.java:310) ~[paper-1.21.4.jar:1.21.4-100-86c6308]
	at java.base/java.lang.Thread.run(Thread.java:1583) ~[?:?]
[23:39:12] [Server thread/INFO]: [ViaVersion] Loading server plugin ViaVersion v5.7.0
[23:39:12] [Server thread/INFO]: [ViaVersion] ViaVersion 5.7.0 is now loaded. Registering protocol transformers and injecting...
[23:39:14] [Via-Mappingloader-1/INFO]: [ViaVersion] Loading block connection mappings ...
[23:39:14] [Via-Mappingloader-1/INFO]: [ViaVersion] Using FastUtil Long2ObjectOpenHashMap for block connections
[23:39:16] [Server thread/INFO]: [ViaBackwards] Loading translations...
[23:39:16] [Server thread/INFO]: [ViaBackwards] Registering protocols...
[23:39:19] [Server thread/INFO]: [WorldEdit] Loading server plugin WorldEdit v7.3.18+7298-4383852
[23:39:22] [Server thread/INFO]: Got request to register class com.sk89q.worldedit.bukkit.BukkitServerInterface with WorldEdit [com.sk89q.worldedit.extension.platform.PlatformManager@485b5874]
[23:39:22] [Server thread/INFO]: [ViaBackwards] Loading server plugin ViaBackwards v5.7.0
[23:39:22] [Server thread/INFO]: [Veinminer] Loading server plugin Veinminer v2.5.3
[23:39:22] [Server thread/INFO]: [Veinminer] Detected platform: Paper
[23:39:24] [Server thread/INFO]: [TAB] Loading server plugin TAB v5.4.0
[23:39:24] [Server thread/INFO]: [Geyser-Spigot] Loading server plugin Geyser-Spigot v2.9.2-SNAPSHOT
[23:39:26] [Server thread/INFO]: [Geyser-Spigot] Loading extensions...
[23:39:26] [Server thread/INFO]: [Geyser-Spigot] Loaded 0 extension(s)
[23:39:26] [Server thread/INFO]: [Chunky] Loading server plugin Chunky v1.4.40
[23:39:26] [Server thread/INFO]: Server permissions file permissions.yml is empty, ignoring it
[23:39:26] [Server thread/INFO]: [WorldEdit] Enabling WorldEdit v7.3.18+7298-4383852
[23:39:27] [Server thread/INFO]: Registering commands with com.sk89q.worldedit.bukkit.BukkitServerInterface
[23:39:27] [Server thread/INFO]: WEPIF: Using the Bukkit Permissions API.
[23:39:28] [Server thread/INFO]: Using com.sk89q.worldedit.bukkit.adapter.impl.v1_21_4.PaperweightAdapter as the Bukkit adapter
[23:39:41] [Server thread/INFO]: [Veinminer] Enabling Veinminer v2.5.3
[23:39:41] [Server thread/INFO]: Preparing level "world"
[23:39:42] [DefaultDispatcher-worker-1/INFO]: [VeinminerUpdater] veinminer is up to date
[23:39:46] [Server thread/INFO]: Preparing start region for dimension minecraft:overworld
[23:39:47] [Server thread/INFO]: Preparing spawn area: 0%
[23:39:47] [Server thread/INFO]: Preparing spawn area: 0%
[23:39:47] [Server thread/INFO]: Preparing spawn area: 0%
[23:39:47] [Server thread/INFO]: Preparing spawn area: 6%
[23:39:48] [Server thread/INFO]: Time elapsed: 1845 ms
[23:39:48] [Server thread/INFO]: Preparing start region for dimension minecraft:the_nether
[23:39:48] [Server thread/INFO]: Preparing spawn area: 0%
[23:39:48] [Server thread/INFO]: Preparing spawn area: 89%
[23:39:48] [Server thread/INFO]: Time elapsed: 518 ms
[23:39:48] [Server thread/INFO]: Preparing start region for dimension minecraft:the_end
[23:39:48] [Server thread/INFO]: Preparing spawn area: 0%
[23:39:50] [Server thread/INFO]: Preparing spawn area: 18%
[23:39:50] [Server thread/INFO]: Preparing spawn area: 18%
[23:39:50] [Server thread/INFO]: Preparing spawn area: 18%
[23:39:50] [Server thread/INFO]: Time elapsed: 1968 ms
[23:39:50] [Server thread/INFO]: [ViaVersion] Enabling ViaVersion v5.7.0
[23:39:50] [Server thread/INFO]: [ViaVersion] ViaVersion detected server version: 1.21.4 (769)
[23:39:51] [Server thread/INFO]: [ViaBackwards] Enabling ViaBackwards v5.7.0
[23:39:51] [Server thread/INFO]: [TAB] Enabling TAB v5.4.0
[23:39:53] [Server thread/INFO]: [TAB] Enabled in 1943ms
[23:39:53] [Server thread/INFO]: [Geyser-Spigot] Enabling Geyser-Spigot v2.9.2-SNAPSHOT
[23:40:10] [Server thread/INFO]: [Chunky] Enabling Chunky v1.4.40
[23:40:13] [Server thread/INFO]: [spark] Starting background profiler...
[23:40:13] [Server thread/WARN]: [spark] Unable to initialise the async-profiler engine: A runtime error occurred whilst loading the native library (/storage/emulated/0/Download/server/plugins/spark/tmp-client/spark-ec9707715ec3-libasyncProfiler.so.tmp: dlopen failed: library "/storage/emulated/0/Download/server/plugins/spark/tmp-client/spark-ec9707715ec3-libasyncProfiler.so.tmp" needed or dlopened by "/data/data/com.termux/files/usr/lib/jvm/java-21-openjdk/lib/server/libjvm.so" is not accessible for the namespace "(default)")
[23:40:13] [Server thread/WARN]: [spark] Please see here for more information: https://spark.lucko.me/docs/misc/Using-async-profiler
[23:40:18] [Server thread/INFO]: [Geyser-Spigot] ******************************************
[23:40:18] [Server thread/INFO]: [Geyser-Spigot] 
[23:40:18] [Server thread/INFO]: [Geyser-Spigot] Loading Geyser version 2.9.2-b1021 (git-master-f46681c)
[23:40:18] [Server thread/INFO]: [Geyser-Spigot] 
[23:40:18] [Server thread/INFO]: [Geyser-Spigot] ******************************************
[23:40:52] [Server thread/INFO]: [Geyser-Spigot] Started Geyser on 192.168.100.86:19132
[23:40:52] [Server thread/INFO]: [Geyser-Spigot] Done (33.788s)! Run /geyser help for help!
[23:40:53] [Server thread/INFO]: Done preparing level "world" (71.415s)
[23:40:53] [Server thread/INFO]: Running delayed init tasks
[23:40:53] [Server thread/INFO]: Done (150.745s)! For help, type "help"
[23:40:53] [Craft Scheduler Thread - 5 - ViaVersion/INFO]: [ViaVersion] Finished mapping loading, shutting down loader executor.
[23:41:14] [Server thread/INFO]: --------- Help: Index ---------------------------
[23:41:14] [Server thread/INFO]: Use /help [n] to get page n of help.
[23:41:14] [Server thread/INFO]: Aliases: Lists command aliases
[23:41:14] [Server thread/INFO]: Bukkit: All commands for Bukkit
[23:41:14] [Server thread/INFO]: Chunky: All commands for Chunky
[23:41:14] [Server thread/INFO]: Geyser-Spigot: All commands for Geyser-Spigot
[23:41:14] [Server thread/INFO]: Minecraft: All commands for Minecraft
[23:41:14] [Server thread/INFO]: TAB: All commands for TAB
[23:41:14] [Server thread/INFO]: Veinminer: All commands for Veinminer
[23:41:14] [Server thread/INFO]: ViaVersion: All commands for ViaVersion
[23:41:14] [Server thread/INFO]: WorldEdit: All commands for WorldEdit
[23:41:14] [Server thread/INFO]: /.s: Execute last CraftScript
[23:41:14] [Server thread/INFO]: //: Toggle the super pickaxe function
[23:41:14] [Server thread/INFO]: //calculate: Evaluate a mathematical expression
[23:41:14] [Server thread/INFO]: //center: Set the center block(s)
[23:41:14] [Server thread/INFO]: //chunk: Set the selection to your current chunk.
[23:41:14] [Server thread/INFO]: //cone: Generates a cone.
[23:41:14] [Server thread/INFO]: //contract: Contract the selection area
[23:41:14] [Server thread/INFO]: //copy: Copy the selection to the clipboard
[23:41:14] [Server thread/INFO]: //count: Counts the number of blocks matching a mask
[23:41:14] [Server thread/INFO]: //curve: Draws a spline through selected points
[23:41:14] [Server thread/INFO]: //cut: Cut the selection to the clipboard
[23:41:14] [Server thread/INFO]: //cyl: Generates a cylinder.
[23:41:14] [Server thread/INFO]: //deform: Deforms a selected region with an expression
[23:41:14] [Server thread/INFO]: //distr: Get the distribution of blocks in the selection
[23:41:14] [Server thread/INFO]: //drain: Drain a pool
[23:41:14] [Server thread/INFO]: //drawsel: Toggle drawing the current selection
[23:41:14] [Server thread/INFO]: //expand: Expand the selection area
[23:41:14] [Server thread/INFO]: //faces: Build the walls, ceiling, and floor of a selection
[23:41:14] [Server thread/INFO]: //fast: Toggle fast mode
[23:41:14] [Server thread/INFO]: //feature: Generate Minecraft features
[23:41:14] [Server thread/INFO]: //fill: Fill a hole
[23:41:14] [Server thread/INFO]: //fillr: Fill a hole recursively
[23:41:14] [Server thread/INFO]: //flip: Flip the contents of the clipboard across the origin
[23:41:14] [Server thread/INFO]: //flora: Make flora within the region
[23:41:14] [Server thread/INFO]: //forest: Make a forest within the region
[23:41:14] [Server thread/INFO]: //generate: Generates a shape according to a formula.
[23:41:14] [Server thread/INFO]: //generatebiome: Sets biome according to a formula.
[23:41:14] [Server thread/INFO]: //hcyl: Generates a hollow cylinder.
[23:41:14] [Server thread/INFO]: //help: Displays help for WorldEdit commands
[23:41:14] [Server thread/INFO]: //hollow: Hollows out the object contained in this selection
[23:41:14] [Server thread/INFO]: //hpos1: Set position 1 to targeted block
[23:41:14] [Server thread/INFO]: //hpos2: Set position 2 to targeted block
[23:41:14] [Server thread/INFO]: //hpyramid: Generate a hollow pyramid
[23:41:14] [Server thread/INFO]: //hsphere: Generates a hollow sphere.
[23:41:14] [Server thread/INFO]: //inset: Inset the selection area
[23:41:14] [Server thread/INFO]: //limit: Modify block change limit
[23:41:14] [Server thread/INFO]: //line: Draws line segments between cuboid selection corners or convex polyhedral selection vertices
[23:41:14] [Server thread/INFO]: //move: Move the contents of the selection
[23:41:14] [Server thread/INFO]: //naturalize: 3 layers of dirt on top then rock below
[23:41:14] [Server thread/INFO]: //outset: Outset the selection area
[23:41:14] [Server thread/INFO]: //overlay: Set a block on top of blocks in the region
[23:41:14] [Server thread/INFO]: //paste: Paste the clipboard's contents
[23:41:14] [Server thread/INFO]: //perf: Toggle side effects for performance
[23:41:14] [Server thread/INFO]: //pos: Set positions
[23:41:14] [Server thread/INFO]: //pos1: Set position 1
[23:41:14] [Server thread/INFO]: //pos2: Set position 2
[23:41:14] [Server thread/INFO]: //pyramid: Generate a filled pyramid
[23:41:14] [Server thread/INFO]: //regen: Regenerates the contents of the selection
[23:41:14] [Server thread/INFO]: //reorder: Sets the reorder mode of WorldEdit
[23:41:14] [Server thread/INFO]: //replace: Replace all blocks in the selection with another
[23:41:14] [Server thread/INFO]: //rotate: Rotate the contents of the clipboard
[23:41:14] [Server thread/INFO]: //sel: Choose a region selector
[23:41:14] [Server thread/INFO]: //set: Sets all the blocks in the region
[23:41:14] [Server thread/INFO]: //setbiome: Sets the biome of your current block or region.
[23:41:14] [Server thread/INFO]: //shift: Shift the selection area
[23:41:14] [Server thread/INFO]: //size: Get information about the selection
[23:41:14] [Server thread/INFO]: //smooth: Smooth the elevation in the selection
[23:41:14] [Server thread/INFO]: //snowsmooth: Smooth the elevation in the selection with snow layers
[23:41:14] [Server thread/INFO]: //sphere: Generates a filled sphere.
[23:41:14] [Server thread/INFO]: //stack: Repeat the contents of the selection
[23:41:14] [Server thread/INFO]: //structure: Generate Minecraft structures
[23:41:14] [Server thread/INFO]: //timeout: Modify evaluation timeout time.
[23:41:14] [Server thread/INFO]: //trim: Minimize the selection to encompass matching blocks
[23:41:14] [Server thread/INFO]: //update: Apply side effects to your selection
[23:41:14] [Server thread/INFO]: //walls: Build the four sides of the selection
[23:41:14] [Server thread/INFO]: //wand: Get the wand item
[23:41:14] [Server thread/INFO]: //watchdog: Changes watchdog hook state.
[23:41:14] [Server thread/INFO]: //world: Sets the world override
[23:41:14] [Server thread/INFO]: /advancement: A Mojang provided command.
[23:41:14] [Server thread/INFO]: /ascend: Go up a floor
[23:41:14] [Server thread/INFO]: /attribute: A Mojang provided command.
[23:41:14] [Server thread/INFO]: /ban: A Mojang provided command.
[23:41:14] [Server thread/INFO]: /ban-ip: A Mojang provided command.
[23:41:15] [Server thread/INFO]: /banlist: A Mojang provided command.
[23:41:15] [Server thread/INFO]: /biomeinfo: Get the biome of the targeted block.
[23:41:15] [Server thread/INFO]: /biomelist: Gets all biomes available.
[23:41:15] [Server thread/INFO]: /bossbar: A Mojang provided command.
[23:41:15] [Server thread/INFO]: /brush: Brushing commands
[23:41:15] [Server thread/INFO]: /butcher: Kill all or nearby mobs
[23:41:15] [Server thread/INFO]: /callback: ClickEvent callback
[23:41:15] [Server thread/INFO]: /ceil: Go to the ceiling
[23:41:15] [Server thread/INFO]: /chunkinfo: Get information about the chunk you're inside
[23:41:15] [Server thread/INFO]: /chunky: Generates chunks
[23:41:15] [Server thread/INFO]: /clear: A Mojang provided command.
[23:41:15] [Server thread/INFO]: /clearclipboard: Clear your clipboard
[23:41:15] [Server thread/INFO]: /clearhistory: Clear your history
[23:41:15] [Server thread/INFO]: /clone: A Mojang provided command.
[23:41:15] [Server thread/INFO]: /cs: Execute a CraftScript
[23:41:15] [Server thread/INFO]: /cycler: Block data cycler tool
[23:41:15] [Server thread/INFO]: /damage: A Mojang provided command.
[23:41:15] [Server thread/INFO]: /data: A Mojang provided command.
[23:41:15] [Server thread/INFO]: /datapack: A Mojang provided command.
[23:41:15] [Server thread/INFO]: /debug: A Mojang provided command.
[23:41:15] [Server thread/INFO]: /defaultgamemode: A Mojang provided command.
[23:41:15] [Server thread/INFO]: /delchunks: Delete chunks that your selection includes
[23:41:15] [Server thread/INFO]: /deltree: Floating tree remover tool
[23:41:15] [Server thread/INFO]: /deop: A Mojang provided command.
[23:41:15] [Server thread/INFO]: /descend: Go down a floor
[23:41:15] [Server thread/INFO]: /difficulty: A Mojang provided command.
[23:41:15] [Server thread/INFO]: /effect: A Mojang provided command.
[23:41:15] [Server thread/INFO]: /enchant: A Mojang provided command.
[23:41:15] [Server thread/INFO]: /execute: A Mojang provided command.
[23:41:15] [Server thread/INFO]: /experience: A Mojang provided command.
[23:41:15] [Server thread/INFO]: /extinguish: Extinguish nearby fire
[23:41:15] [Server thread/INFO]: /farwand: Wand at a distance tool
[23:41:15] [Server thread/INFO]: /fill: A Mojang provided command.
[23:41:15] [Server thread/INFO]: /fillbiome: A Mojang provided command.
[23:41:15] [Server thread/INFO]: /fixlava: Fix lava to be stationary
[23:41:15] [Server thread/INFO]: /fixwater: Fix water to be stationary
[23:41:15] [Server thread/INFO]: /floodfill: Flood fill tool
[23:41:15] [Server thread/INFO]: /forceload: A Mojang provided command.
[23:41:15] [Server thread/INFO]: /forestgen: Generate a forest
[23:41:15] [Server thread/INFO]: /function: A Mojang provided command.
[23:41:15] [Server thread/INFO]: /gamemode: A Mojang provided command.
[23:41:15] [Server thread/INFO]: /gamerule: A Mojang provided command.
[23:41:15] [Server thread/INFO]: /geyser: 
[23:41:15] [Server thread/INFO]: /geyser-spigot:geyser: 
[23:41:15] [Server thread/INFO]: /give: A Mojang provided command.
[23:41:15] [Server thread/INFO]: /gmask: Set the global mask
[23:41:15] [Server thread/INFO]: /green: Converts dirt to grass blocks in the area
[23:41:15] [Server thread/INFO]: /help: Shows the help menu
[23:41:15] [Server thread/INFO]: /info: Block information tool
[23:41:15] [Server thread/INFO]: /item: A Mojang provided command.
[23:41:15] [Server thread/INFO]: /jfr: A Mojang provided command.
[23:41:15] [Server thread/INFO]: /jumpto: Teleport to a location
[23:41:15] [Server thread/INFO]: /kick: A Mojang provided command.
[23:41:15] [Server thread/INFO]: /kill: A Mojang provided command.
[23:41:15] [Server thread/INFO]: /list: A Mojang provided command.
[23:41:15] [Server thread/INFO]: /listchunks: List chunks that your selection includes
[23:41:15] [Server thread/INFO]: /locate: A Mojang provided command.
[23:41:15] [Server thread/INFO]: /loot: A Mojang provided command.
[23:41:15] [Server thread/INFO]: /lrbuild: Long-range building tool
[23:41:15] [Server thread/INFO]: /mask: Set the brush mask
[23:41:15] [Server thread/INFO]: /material: Set the brush material
[23:41:15] [Server thread/INFO]: /me: A Mojang provided command.
[23:41:15] [Server thread/INFO]: /minecraft:advancement: A Mojang provided command.
[23:41:15] [Server thread/INFO]: /minecraft:attribute: A Mojang provided command.
[23:41:15] [Server thread/INFO]: /minecraft:ban: A Mojang provided command.
[23:41:15] [Server thread/INFO]: /minecraft:ban-ip: A Mojang provided command.
[23:41:15] [Server thread/INFO]: /minecraft:banlist: A Mojang provided command.
[23:41:15] [Server thread/INFO]: /minecraft:bossbar: A Mojang provided command.
[23:41:15] [Server thread/INFO]: /minecraft:clear: A Mojang provided command.
[23:41:15] [Server thread/INFO]: /minecraft:clone: A Mojang provided command.
[23:41:15] [Server thread/INFO]: /minecraft:damage: A Mojang provided command.
[23:41:15] [Server thread/INFO]: /minecraft:data: A Mojang provided command.
[23:41:15] [Server thread/INFO]: /minecraft:datapack: A Mojang provided command.
[23:41:15] [Server thread/INFO]: /minecraft:debug: A Mojang provided command.
[23:41:15] [Server thread/INFO]: /minecraft:defaultgamemode: A Mojang provided command.
[23:41:15] [Server thread/INFO]: /minecraft:deop: A Mojang provided command.
[23:41:15] [Server thread/INFO]: /minecraft:difficulty: A Mojang provided command.
[23:41:15] [Server thread/INFO]: /minecraft:effect: A Mojang provided command.
[23:41:15] [Server thread/INFO]: /minecraft:enchant: A Mojang provided command.
[23:41:15] [Server thread/INFO]: /minecraft:execute: A Mojang provided command.
[23:41:15] [Server thread/INFO]: /minecraft:experience: A Mojang provided command.
[23:41:15] [Server thread/INFO]: /minecraft:fill: A Mojang provided command.
[23:41:15] [Server thread/INFO]: /minecraft:fillbiome: A Mojang provided command.
[23:41:15] [Server thread/INFO]: /minecraft:forceload: A Mojang provided command.
[23:41:15] [Server thread/INFO]: /minecraft:function: A Mojang provided command.
[23:41:15] [Server thread/INFO]: /minecraft:gamemode: A Mojang provided command.
[23:41:15] [Server thread/INFO]: /minecraft:gamerule: A Mojang provided command.
[23:41:15] [Server thread/INFO]: /minecraft:give: A Mojang provided command.
[23:41:15] [Server thread/INFO]: /minecraft:help: A Mojang provided command.
[23:41:15] [Server thread/INFO]: /minecraft:item: A Mojang provided command.
[23:41:15] [Server thread/INFO]: /minecraft:jfr: A Mojang provided command.
[23:41:15] [Server thread/INFO]: /minecraft:kick: A Mojang provided command.
[23:41:15] [Server thread/INFO]: /minecraft:kill: A Mojang provided command.
[23:41:15] [Server thread/INFO]: /minecraft:list: A Mojang provided command.
[23:41:15] [Server thread/INFO]: /minecraft:locate: A Mojang provided command.
[23:41:15] [Server thread/INFO]: /minecraft:loot: A Mojang provided command.
[23:41:15] [Server thread/INFO]: /minecraft:me: A Mojang provided command.
[23:41:15] [Server thread/INFO]: /minecraft:msg: A Mojang provided command.
[23:41:15] [Server thread/INFO]: /minecraft:op: A Mojang provided command.
[23:41:15] [Server thread/INFO]: /minecraft:pardon: A Mojang provided command.
[23:41:15] [Server thread/INFO]: /minecraft:pardon-ip: A Mojang provided command.
[23:41:15] [Server thread/INFO]: /minecraft:particle: A Mojang provided command.
[23:41:15] [Server thread/INFO]: /minecraft:perf: A Mojang provided command.
[23:41:15] [Server thread/INFO]: /minecraft:place: A Mojang provided command.
[23:41:15] [Server thread/INFO]: /minecraft:playsound: A Mojang provided command.
[23:41:15] [Server thread/INFO]: /minecraft:random: A Mojang provided command.
[23:41:15] [Server thread/INFO]: /minecraft:recipe: A Mojang provided command.
[23:41:15] [Server thread/INFO]: /minecraft:reload: A Mojang provided command.
[23:41:15] [Server thread/INFO]: /minecraft:return: A Mojang provided command.
[23:41:15] [Server thread/INFO]: /minecraft:ride: A Mojang provided command.
[23:41:15] [Server thread/INFO]: /minecraft:rotate: A Mojang provided command.
[23:41:15] [Server thread/INFO]: /minecraft:save-all: A Mojang provided command.
[23:41:15] [Server thread/INFO]: /minecraft:save-off: A Mojang provided command.
[23:41:15] [Server thread/INFO]: /minecraft:save-on: A Mojang provided command.
[23:41:15] [Server thread/INFO]: /minecraft:say: A Mojang provided command.
[23:41:15] [Server thread/INFO]: /minecraft:schedule: A Mojang provided command.
[23:41:15] [Server thread/INFO]: /minecraft:scoreboard: A Mojang provided command.
[23:41:15] [Server thread/INFO]: /minecraft:seed: A Mojang provided command.
[23:41:15] [Server thread/INFO]: /minecraft:setblock: A Mojang provided command.
[23:41:15] [Server thread/INFO]: /minecraft:setidletimeout: A Mojang provided command.
[23:41:15] [Server thread/INFO]: /minecraft:setworldspawn: A Mojang provided command.
[23:41:15] [Server thread/INFO]: /minecraft:spawnpoint: A Mojang provided command.
[23:41:15] [Server thread/INFO]: /minecraft:spectate: A Mojang provided command.
[23:41:15] [Server thread/INFO]: /minecraft:spreadplayers: A Mojang provided command.
[23:41:15] [Server thread/INFO]: /minecraft:stop: A Mojang provided command.
[23:41:15] [Server thread/INFO]: /minecraft:stopsound: A Mojang provided command.
[23:41:15] [Server thread/INFO]: /minecraft:summon: A Mojang provided command.
[23:41:15] [Server thread/INFO]: /minecraft:tag: A Mojang provided command.
[23:41:15] [Server thread/INFO]: /minecraft:team: A Mojang provided command.
[23:41:15] [Server thread/INFO]: /minecraft:teammsg: A Mojang provided command.
[23:41:15] [Server thread/INFO]: /minecraft:teleport: A Mojang provided command.
[23:41:15] [Server thread/INFO]: /minecraft:tell: A Mojang provided command.
[23:41:15] [Server thread/INFO]: /minecraft:tellraw: A Mojang provided command.
[23:41:15] [Server thread/INFO]: /minecraft:tick: A Mojang provided command.
[23:41:15] [Server thread/INFO]: /minecraft:time: A Mojang provided command.
[23:41:15] [Server thread/INFO]: /minecraft:title: A Mojang provided command.
[23:41:15] [Server thread/INFO]: /minecraft:tm: A Mojang provided command.
[23:41:15] [Server thread/INFO]: /minecraft:tp: A Mojang provided command.
[23:41:15] [Server thread/INFO]: /minecraft:transfer: A Mojang provided command.
[23:41:15] [Server thread/INFO]: /minecraft:trigger: A Mojang provided command.
[23:41:15] [Server thread/INFO]: /minecraft:w: A Mojang provided command.
[23:41:15] [Server thread/INFO]: /minecraft:weather: A Mojang provided command.
[23:41:15] [Server thread/INFO]: /minecraft:whitelist: A Mojang provided command.
[23:41:15] [Server thread/INFO]: /minecraft:worldborder: A Mojang provided command.
[23:41:15] [Server thread/INFO]: /minecraft:xp: A Mojang provided command.
[23:41:15] [Server thread/INFO]: /msg: A Mojang provided command.
[23:41:15] [Server thread/INFO]: /mspt: View server tick times
[23:41:15] [Server thread/INFO]: /navwand: Navigation wand tool
[23:41:15] [Server thread/INFO]: /none: Unbind a bound tool from your current item
[23:41:15] [Server thread/INFO]: /op: A Mojang provided command.
[23:41:15] [Server thread/INFO]: /paper: Paper related commands
[23:41:15] [Server thread/INFO]: /paper:spark: 
[23:41:15] [Server thread/INFO]: /pardon: A Mojang provided command.
[23:41:15] [Server thread/INFO]: /pardon-ip: A Mojang provided command.
[23:41:15] [Server thread/INFO]: /particle: A Mojang provided command.
[23:41:15] [Server thread/INFO]: /perf: A Mojang provided command.
[23:41:15] [Server thread/INFO]: /place: A Mojang provided command.
[23:41:15] [Server thread/INFO]: /placement: Select which placement to use
[23:41:15] [Server thread/INFO]: /playsound: A Mojang provided command.
[23:41:15] [Server thread/INFO]: /plugins: Gets a list of plugins running on the server
[23:41:15] [Server thread/INFO]: /pumpkins: Generate pumpkin patches
[23:41:15] [Server thread/INFO]: /random: A Mojang provided command.
[23:41:15] [Server thread/INFO]: /range: Set the brush range
[23:41:15] [Server thread/INFO]: /recipe: A Mojang provided command.
[23:41:15] [Server thread/INFO]: /redo: Redoes the last action (from history)
[23:41:15] [Server thread/INFO]: /reload: Reloads the server configuration and plugins
[23:41:15] [Server thread/INFO]: /remove: Remove all entities of a type
[23:41:15] [Server thread/INFO]: /removeabove: Remove blocks above your head.
[23:41:15] [Server thread/INFO]: /removebelow: Remove blocks below you.
[23:41:15] [Server thread/INFO]: /removenear: Remove blocks near you.
[23:41:15] [Server thread/INFO]: /repl: Block replacer tool
[23:41:15] [Server thread/INFO]: /replacenear: Replace nearby blocks
[23:41:15] [Server thread/INFO]: /restart: Restarts the server
[23:41:15] [Server thread/INFO]: /restore: Restore the selection from a snapshot
[23:41:15] [Server thread/INFO]: /return: A Mojang provided command.
[23:41:15] [Server thread/INFO]: /ride: A Mojang provided command.
[23:41:15] [Server thread/INFO]: /rotate: A Mojang provided command.
[23:41:15] [Server thread/INFO]: /save-all: A Mojang provided command.
[23:41:15] [Server thread/INFO]: /save-off: A Mojang provided command.
[23:41:15] [Server thread/INFO]: /save-on: A Mojang provided command.
[23:41:15] [Server thread/INFO]: /say: A Mojang provided command.
[23:41:15] [Server thread/INFO]: /schedule: A Mojang provided command.
[23:41:15] [Server thread/INFO]: /schematic: Schematic commands for saving/loading areas
[23:41:15] [Server thread/INFO]: /scoreboard: A Mojang provided command.
[23:41:15] [Server thread/INFO]: /searchitem: Search for an item
[23:41:15] [Server thread/INFO]: /seed: A Mojang provided command.
[23:41:15] [Server thread/INFO]: /selwand: Selection wand tool
[23:41:15] [Server thread/INFO]: /setblock: A Mojang provided command.
[23:41:15] [Server thread/INFO]: /setidletimeout: A Mojang provided command.
[23:41:15] [Server thread/INFO]: /setworldspawn: A Mojang provided command.
[23:41:15] [Server thread/INFO]: /size: Set the brush size
[23:41:15] [Server thread/INFO]: /snapshot: Snapshot commands for restoring backups
[23:41:15] [Server thread/INFO]: /snow: Simulates snow
[23:41:15] [Server thread/INFO]: /spark: 
[23:41:15] [Server thread/INFO]: /spawnpoint: A Mojang provided command.
[23:41:15] [Server thread/INFO]: /spectate: A Mojang provided command.
[23:41:15] [Server thread/INFO]: /spigot: Spigot related commands
[23:41:15] [Server thread/INFO]: /spreadplayers: A Mojang provided command.
[23:41:15] [Server thread/INFO]: /stop: A Mojang provided command.
[23:41:15] [Server thread/INFO]: /stopsound: A Mojang provided command.
[23:41:15] [Server thread/INFO]: /summon: A Mojang provided command.
[23:41:15] [Server thread/INFO]: /superpickaxe: Super-pickaxe commands
[23:41:15] [Server thread/INFO]: /tab: Plugin's main command
[23:41:15] [Server thread/INFO]: /tag: A Mojang provided command.
[23:41:15] [Server thread/INFO]: /team: A Mojang provided command.
[23:41:15] [Server thread/INFO]: /teammsg: A Mojang provided command.
[23:41:15] [Server thread/INFO]: /teleport: A Mojang provided command.
[23:41:15] [Server thread/INFO]: /tell: A Mojang provided command.
[23:41:15] [Server thread/INFO]: /tellraw: A Mojang provided command.
[23:41:15] [Server thread/INFO]: /thaw: Thaws the area
[23:41:15] [Server thread/INFO]: /thru: Pass through walls
[23:41:15] [Server thread/INFO]: /tick: A Mojang provided command.
[23:41:15] [Server thread/INFO]: /time: A Mojang provided command.
[23:41:15] [Server thread/INFO]: /timings: Manages Spigot Timings data to see performance of the server.
[23:41:15] [Server thread/INFO]: /title: A Mojang provided command.
[23:41:15] [Server thread/INFO]: /tm: A Mojang provided command.
[23:41:15] [Server thread/INFO]: /toggleeditwand: Remind the user that the wand is now a tool and can be unbound with /tool none.
[23:41:15] [Server thread/INFO]: /toggleplace: Switch between your position and pos1 for placement
[23:41:15] [Server thread/INFO]: /tool: Binds a tool to the item in your hand
[23:41:15] [Server thread/INFO]: /tp: A Mojang provided command.
[23:41:15] [Server thread/INFO]: /tps: Gets the current ticks per second for the server
[23:41:15] [Server thread/INFO]: /tracemask: Set the mask used to stop tool traces
[23:41:15] [Server thread/INFO]: /transfer: A Mojang provided command.
[23:41:15] [Server thread/INFO]: /tree: Tree generator tool
[23:41:15] [Server thread/INFO]: /trigger: A Mojang provided command.
[23:41:15] [Server thread/INFO]: /undo: Undoes the last action (from history)
[23:41:15] [Server thread/INFO]: /unstuck: Escape from being stuck inside a block
[23:41:15] [Server thread/INFO]: /up: Go upwards some distance
[23:41:15] [Server thread/INFO]: /veinminer: A command by the Veinminer plugin.
[23:41:15] [Server thread/INFO]: /veinminer:veinminer: A command by the Veinminer plugin.
[23:41:15] [Server thread/INFO]: /version: Gets the version of this server including any plugins in use
[23:41:15] [Server thread/INFO]: /viaversion: Shows ViaVersion Version and more.
[23:41:15] [Server thread/INFO]: /w: A Mojang provided command.
[23:41:15] [Server thread/INFO]: /weather: A Mojang provided command.
[23:41:15] [Server thread/INFO]: /whitelist: A Mojang provided command.
[23:41:15] [Server thread/INFO]: /worldborder: A Mojang provided command.
[23:41:15] [Server thread/INFO]: /worldedit: WorldEdit commands
[23:41:15] [Server thread/INFO]: /xp: A Mojang provided command.
